<?xml version="1.0" encoding="UTF-8"?>
<coverage generated="1624757394863" clover="3.2.0">
  <project timestamp="1624757394864" name="All files">
    <metrics statements="100" coveredstatements="84" conditionals="16" coveredconditionals="14" methods="41" coveredmethods="31" elements="157" coveredelements="129" complexity="0" loc="100" ncloc="100" packages="1" files="3" classes="3"/>
    <file name="dataHandler.js" path="/home/siraf/mitrais/assignment/test_using_jest/dataHandler.js">
      <metrics statements="51" coveredstatements="42" conditionals="14" coveredconditionals="13" methods="22" coveredmethods="18"/>
      <line num="1" count="3" type="stmt"/>
      <line num="2" count="3" type="stmt"/>
      <line num="4" count="3" type="cond" truecount="1" falsecount="0"/>
      <line num="5" count="5" type="stmt"/>
      <line num="7" count="4" type="stmt"/>
      <line num="9" count="4" type="stmt"/>
      <line num="12" count="1" type="stmt"/>
      <line num="16" count="3" type="stmt"/>
      <line num="18" count="4" type="stmt"/>
      <line num="20" count="4" type="stmt"/>
      <line num="23" count="4" type="stmt"/>
      <line num="24" count="4" type="stmt"/>
      <line num="25" count="4" type="stmt"/>
      <line num="26" count="116" type="cond" truecount="2" falsecount="0"/>
      <line num="28" count="3" type="stmt"/>
      <line num="30" count="116" type="stmt"/>
      <line num="33" count="4" type="cond" truecount="4" falsecount="0"/>
      <line num="34" count="1" type="stmt"/>
      <line num="39" count="1" type="stmt"/>
      <line num="42" count="3" type="stmt"/>
      <line num="47" count="3" type="cond" truecount="0" falsecount="1"/>
      <line num="48" count="4" type="stmt"/>
      <line num="50" count="0" type="stmt"/>
      <line num="51" count="0" type="stmt"/>
      <line num="52" count="0" type="stmt"/>
      <line num="55" count="0" type="stmt"/>
      <line num="57" count="0" type="stmt"/>
      <line num="60" count="0" type="stmt"/>
      <line num="63" count="0" type="stmt"/>
      <line num="67" count="4" type="stmt"/>
      <line num="72" count="3" type="stmt"/>
      <line num="73" count="3" type="stmt"/>
      <line num="75" count="15" type="stmt"/>
      <line num="79" count="3" type="stmt"/>
      <line num="82" count="2" type="stmt"/>
      <line num="83" count="2" type="stmt"/>
      <line num="84" count="2" type="stmt"/>
      <line num="85" count="58" type="cond" truecount="4" falsecount="0"/>
      <line num="91" count="2" type="stmt"/>
      <line num="94" count="1" type="stmt"/>
      <line num="98" count="3" type="cond" truecount="1" falsecount="0"/>
      <line num="99" count="7" type="stmt"/>
      <line num="101" count="6" type="stmt"/>
      <line num="102" count="174" type="stmt"/>
      <line num="103" count="6" type="stmt"/>
      <line num="105" count="6" type="stmt"/>
      <line num="110" count="0" type="stmt"/>
      <line num="111" count="0" type="stmt"/>
      <line num="115" count="1" type="stmt"/>
      <line num="116" count="1" type="stmt"/>
      <line num="120" count="3" type="stmt"/>
    </file>
    <file name="handler.js" path="/home/siraf/mitrais/assignment/test_using_jest/handler.js">
      <metrics statements="33" coveredstatements="26" conditionals="2" coveredconditionals="1" methods="18" coveredmethods="12"/>
      <line num="1" count="2" type="stmt"/>
      <line num="4" count="2" type="stmt"/>
      <line num="5" count="1" type="stmt"/>
      <line num="6" count="1" type="stmt"/>
      <line num="9" count="1" type="stmt"/>
      <line num="13" count="0" type="stmt"/>
      <line num="17" count="2" type="stmt"/>
      <line num="18" count="3" type="stmt"/>
      <line num="21" count="3" type="stmt"/>
      <line num="23" count="0" type="stmt"/>
      <line num="27" count="2" type="stmt"/>
      <line num="28" count="1" type="stmt"/>
      <line num="35" count="1" type="stmt"/>
      <line num="37" count="1" type="stmt"/>
      <line num="38" count="1" type="stmt"/>
      <line num="42" count="2" type="stmt"/>
      <line num="43" count="1" type="stmt"/>
      <line num="50" count="1" type="stmt"/>
      <line num="54" count="1" type="stmt"/>
      <line num="57" count="0" type="stmt"/>
      <line num="61" count="0" type="stmt"/>
      <line num="65" count="2" type="stmt"/>
      <line num="67" count="2" type="stmt"/>
      <line num="70" count="2" type="cond" truecount="1" falsecount="1"/>
      <line num="71" count="0" type="stmt"/>
      <line num="74" count="2" type="stmt"/>
      <line num="80" count="0" type="stmt"/>
      <line num="84" count="2" type="stmt"/>
      <line num="85" count="3" type="stmt"/>
      <line num="88" count="3" type="stmt"/>
      <line num="89" count="3" type="stmt"/>
      <line num="93" count="0" type="stmt"/>
      <line num="97" count="2" type="stmt"/>
    </file>
    <file name="routers.js" path="/home/siraf/mitrais/assignment/test_using_jest/routers.js">
      <metrics statements="16" coveredstatements="16" conditionals="0" coveredconditionals="0" methods="1" coveredmethods="1"/>
      <line num="1" count="1" type="stmt"/>
      <line num="2" count="1" type="stmt"/>
      <line num="6" count="1" type="stmt"/>
      <line num="8" count="1" type="stmt"/>
      <line num="9" count="4" type="stmt"/>
      <line num="10" count="4" type="stmt"/>
      <line num="11" count="4" type="stmt"/>
      <line num="12" count="4" type="stmt"/>
      <line num="13" count="4" type="stmt"/>
      <line num="14" count="4" type="stmt"/>
      <line num="17" count="1" type="stmt"/>
      <line num="18" count="1" type="stmt"/>
      <line num="19" count="1" type="stmt"/>
      <line num="20" count="1" type="stmt"/>
      <line num="21" count="1" type="stmt"/>
      <line num="24" count="1" type="stmt"/>
    </file>
  </project>
</coverage>
