{"/home/siraf/mitrais/assignment/test_using_jest/dataHandler.js": {"path":"/home/siraf/mitrais/assignment/test_using_jest/dataHandler.js","statementMap":{"0":{"start":{"line":1,"column":11},"end":{"line":1,"column":33}},"1":{"start":{"line":2,"column":20},"end":{"line":2,"column":38}},"2":{"start":{"line":4,"column":18},"end":{"line":14,"column":1}},"3":{"start":{"line":5,"column":4},"end":{"line":13,"column":11}},"4":{"start":{"line":7,"column":12},"end":{"line":7,"column":48}},"5":{"start":{"line":9,"column":12},"end":{"line":9,"column":34}},"6":{"start":{"line":12,"column":12},"end":{"line":12,"column":23}},"7":{"start":{"line":16,"column":20},"end":{"line":45,"column":1}},"8":{"start":{"line":18,"column":4},"end":{"line":44,"column":11}},"9":{"start":{"line":20,"column":12},"end":{"line":20,"column":48}},"10":{"start":{"line":23,"column":28},"end":{"line":23,"column":29}},"11":{"start":{"line":24,"column":29},"end":{"line":24,"column":30}},"12":{"start":{"line":25,"column":12},"end":{"line":31,"column":15}},"13":{"start":{"line":26,"column":16},"end":{"line":29,"column":17}},"14":{"start":{"line":28,"column":20},"end":{"line":28,"column":43}},"15":{"start":{"line":30,"column":16},"end":{"line":30,"column":31}},"16":{"start":{"line":33,"column":12},"end":{"line":43,"column":13}},"17":{"start":{"line":34,"column":16},"end":{"line":38,"column":17}},"18":{"start":{"line":39,"column":16},"end":{"line":39,"column":31}},"19":{"start":{"line":42,"column":16},"end":{"line":42,"column":50}},"20":{"start":{"line":47,"column":17},"end":{"line":69,"column":1}},"21":{"start":{"line":48,"column":4},"end":{"line":68,"column":10}},"22":{"start":{"line":50,"column":12},"end":{"line":50,"column":47}},"23":{"start":{"line":51,"column":12},"end":{"line":51,"column":44}},"24":{"start":{"line":52,"column":12},"end":{"line":54,"column":13}},"25":{"start":{"line":55,"column":12},"end":{"line":64,"column":18}},"26":{"start":{"line":57,"column":20},"end":{"line":59,"column":21}},"27":{"start":{"line":60,"column":20},"end":{"line":60,"column":39}},"28":{"start":{"line":63,"column":20},"end":{"line":63,"column":31}},"29":{"start":{"line":67,"column":12},"end":{"line":67,"column":23}},"30":{"start":{"line":72,"column":24},"end":{"line":72,"column":26}},"31":{"start":{"line":73,"column":4},"end":{"line":77,"column":15}},"32":{"start":{"line":75,"column":12},"end":{"line":75,"column":31}},"33":{"start":{"line":79,"column":4},"end":{"line":95,"column":10}},"34":{"start":{"line":82,"column":12},"end":{"line":82,"column":47}},"35":{"start":{"line":83,"column":27},"end":{"line":83,"column":62}},"36":{"start":{"line":84,"column":27},"end":{"line":89,"column":17}},"37":{"start":{"line":85,"column":16},"end":{"line":88,"column":62}},"38":{"start":{"line":91,"column":12},"end":{"line":91,"column":27}},"39":{"start":{"line":94,"column":12},"end":{"line":94,"column":23}},"40":{"start":{"line":98,"column":17},"end":{"line":118,"column":1}},"41":{"start":{"line":99,"column":4},"end":{"line":117,"column":10}},"42":{"start":{"line":101,"column":12},"end":{"line":101,"column":47}},"43":{"start":{"line":102,"column":12},"end":{"line":102,"column":88}},"44":{"start":{"line":102,"column":66},"end":{"line":102,"column":86}},"45":{"start":{"line":103,"column":12},"end":{"line":112,"column":18}},"46":{"start":{"line":105,"column":20},"end":{"line":107,"column":21}},"47":{"start":{"line":110,"column":20},"end":{"line":110,"column":36}},"48":{"start":{"line":111,"column":20},"end":{"line":111,"column":31}},"49":{"start":{"line":115,"column":12},"end":{"line":115,"column":28}},"50":{"start":{"line":116,"column":12},"end":{"line":116,"column":23}},"51":{"start":{"line":120,"column":0},"end":{"line":126,"column":1}}},"fnMap":{"0":{"name":"(anonymous_0)","decl":{"start":{"line":4,"column":18},"end":{"line":4,"column":19}},"loc":{"start":{"line":4,"column":50},"end":{"line":14,"column":1}},"line":4},"1":{"name":"(anonymous_1)","decl":{"start":{"line":6,"column":14},"end":{"line":6,"column":15}},"loc":{"start":{"line":6,"column":25},"end":{"line":10,"column":9}},"line":6},"2":{"name":"(anonymous_2)","decl":{"start":{"line":11,"column":15},"end":{"line":11,"column":16}},"loc":{"start":{"line":11,"column":24},"end":{"line":13,"column":9}},"line":11},"3":{"name":"getDetailById","decl":{"start":{"line":16,"column":35},"end":{"line":16,"column":48}},"loc":{"start":{"line":16,"column":59},"end":{"line":45,"column":1}},"line":16},"4":{"name":"(anonymous_4)","decl":{"start":{"line":19,"column":14},"end":{"line":19,"column":15}},"loc":{"start":{"line":19,"column":26},"end":{"line":44,"column":9}},"line":19},"5":{"name":"(anonymous_5)","decl":{"start":{"line":25,"column":50},"end":{"line":25,"column":51}},"loc":{"start":{"line":25,"column":58},"end":{"line":31,"column":13}},"line":25},"6":{"name":"createData","decl":{"start":{"line":47,"column":26},"end":{"line":47,"column":36}},"loc":{"start":{"line":47,"column":54},"end":{"line":69,"column":1}},"line":47},"7":{"name":"(anonymous_7)","decl":{"start":{"line":49,"column":14},"end":{"line":49,"column":15}},"loc":{"start":{"line":49,"column":26},"end":{"line":65,"column":9}},"line":49},"8":{"name":"(anonymous_8)","decl":{"start":{"line":56,"column":22},"end":{"line":56,"column":23}},"loc":{"start":{"line":56,"column":33},"end":{"line":61,"column":17}},"line":56},"9":{"name":"(anonymous_9)","decl":{"start":{"line":62,"column":24},"end":{"line":62,"column":25}},"loc":{"start":{"line":62,"column":31},"end":{"line":64,"column":17}},"line":62},"10":{"name":"(anonymous_10)","decl":{"start":{"line":66,"column":16},"end":{"line":66,"column":17}},"loc":{"start":{"line":66,"column":23},"end":{"line":68,"column":9}},"line":66},"11":{"name":"getDetailByQuery","decl":{"start":{"line":71,"column":9},"end":{"line":71,"column":25}},"loc":{"start":{"line":71,"column":46},"end":{"line":96,"column":1}},"line":71},"12":{"name":"(anonymous_12)","decl":{"start":{"line":74,"column":8},"end":{"line":74,"column":9}},"loc":{"start":{"line":74,"column":13},"end":{"line":76,"column":9}},"line":74},"13":{"name":"(anonymous_13)","decl":{"start":{"line":80,"column":14},"end":{"line":80,"column":15}},"loc":{"start":{"line":80,"column":26},"end":{"line":92,"column":13}},"line":80},"14":{"name":"(anonymous_14)","decl":{"start":{"line":84,"column":49},"end":{"line":84,"column":50}},"loc":{"start":{"line":85,"column":16},"end":{"line":88,"column":62}},"line":85},"15":{"name":"(anonymous_15)","decl":{"start":{"line":93,"column":15},"end":{"line":93,"column":16}},"loc":{"start":{"line":93,"column":22},"end":{"line":95,"column":9}},"line":93},"16":{"name":"deleteById","decl":{"start":{"line":98,"column":26},"end":{"line":98,"column":36}},"loc":{"start":{"line":98,"column":65},"end":{"line":118,"column":1}},"line":98},"17":{"name":"(anonymous_17)","decl":{"start":{"line":100,"column":14},"end":{"line":100,"column":15}},"loc":{"start":{"line":100,"column":26},"end":{"line":113,"column":9}},"line":100},"18":{"name":"(anonymous_18)","decl":{"start":{"line":102,"column":58},"end":{"line":102,"column":59}},"loc":{"start":{"line":102,"column":66},"end":{"line":102,"column":86}},"line":102},"19":{"name":"(anonymous_19)","decl":{"start":{"line":104,"column":22},"end":{"line":104,"column":23}},"loc":{"start":{"line":104,"column":33},"end":{"line":108,"column":17}},"line":104},"20":{"name":"(anonymous_20)","decl":{"start":{"line":109,"column":24},"end":{"line":109,"column":25}},"loc":{"start":{"line":109,"column":31},"end":{"line":112,"column":17}},"line":109},"21":{"name":"(anonymous_21)","decl":{"start":{"line":114,"column":15},"end":{"line":114,"column":16}},"loc":{"start":{"line":114,"column":22},"end":{"line":117,"column":9}},"line":114}},"branchMap":{"0":{"loc":{"start":{"line":4,"column":33},"end":{"line":4,"column":49}},"type":"default-arg","locations":[{"start":{"line":4,"column":38},"end":{"line":4,"column":49}}],"line":4},"1":{"loc":{"start":{"line":26,"column":16},"end":{"line":29,"column":17}},"type":"if","locations":[{"start":{"line":26,"column":16},"end":{"line":29,"column":17}},{"start":{"line":26,"column":16},"end":{"line":29,"column":17}}],"line":26},"2":{"loc":{"start":{"line":33,"column":12},"end":{"line":43,"column":13}},"type":"if","locations":[{"start":{"line":33,"column":12},"end":{"line":43,"column":13}},{"start":{"line":33,"column":12},"end":{"line":43,"column":13}}],"line":33},"3":{"loc":{"start":{"line":33,"column":16},"end":{"line":33,"column":58}},"type":"binary-expr","locations":[{"start":{"line":33,"column":16},"end":{"line":33,"column":31}},{"start":{"line":33,"column":35},"end":{"line":33,"column":58}}],"line":33},"4":{"loc":{"start":{"line":47,"column":37},"end":{"line":47,"column":53}},"type":"default-arg","locations":[{"start":{"line":47,"column":42},"end":{"line":47,"column":53}}],"line":47},"5":{"loc":{"start":{"line":71,"column":29},"end":{"line":71,"column":45}},"type":"default-arg","locations":[{"start":{"line":71,"column":34},"end":{"line":71,"column":45}}],"line":71},"6":{"loc":{"start":{"line":85,"column":16},"end":{"line":88,"column":62}},"type":"binary-expr","locations":[{"start":{"line":85,"column":16},"end":{"line":85,"column":58}},{"start":{"line":86,"column":16},"end":{"line":86,"column":57}},{"start":{"line":87,"column":16},"end":{"line":87,"column":54}},{"start":{"line":88,"column":16},"end":{"line":88,"column":62}}],"line":85},"7":{"loc":{"start":{"line":98,"column":48},"end":{"line":98,"column":64}},"type":"default-arg","locations":[{"start":{"line":98,"column":53},"end":{"line":98,"column":64}}],"line":98}},"s":{"0":3,"1":3,"2":3,"3":5,"4":4,"5":4,"6":1,"7":3,"8":4,"9":4,"10":4,"11":4,"12":4,"13":116,"14":3,"15":116,"16":4,"17":1,"18":1,"19":3,"20":3,"21":4,"22":0,"23":0,"24":0,"25":0,"26":0,"27":0,"28":0,"29":4,"30":3,"31":3,"32":15,"33":3,"34":2,"35":2,"36":2,"37":58,"38":2,"39":1,"40":3,"41":7,"42":6,"43":6,"44":174,"45":6,"46":6,"47":0,"48":0,"49":1,"50":1,"51":3},"f":{"0":5,"1":4,"2":1,"3":4,"4":4,"5":116,"6":4,"7":0,"8":0,"9":0,"10":4,"11":3,"12":15,"13":2,"14":58,"15":1,"16":7,"17":6,"18":174,"19":6,"20":0,"21":1},"b":{"0":[4],"1":[3,113],"2":[1,3],"3":[4,1],"4":[0],"5":[2],"6":[58,56,56,56],"7":[6]},"_coverageSchema":"1a1c01bbd47fc00a2c39e90264f33305004495a9","hash":"aab52c99b8c4737195d1746c84338a8bb7500b10"}
,"/home/siraf/mitrais/assignment/test_using_jest/handler.js": {"path":"/home/siraf/mitrais/assignment/test_using_jest/handler.js","statementMap":{"0":{"start":{"line":1,"column":18},"end":{"line":1,"column":45}},"1":{"start":{"line":4,"column":24},"end":{"line":15,"column":1}},"2":{"start":{"line":5,"column":4},"end":{"line":5,"column":28}},"3":{"start":{"line":6,"column":4},"end":{"line":14,"column":10}},"4":{"start":{"line":9,"column":16},"end":{"line":9,"column":44}},"5":{"start":{"line":13,"column":12},"end":{"line":13,"column":37}},"6":{"start":{"line":17,"column":13},"end":{"line":25,"column":1}},"7":{"start":{"line":18,"column":4},"end":{"line":24,"column":11}},"8":{"start":{"line":21,"column":12},"end":{"line":21,"column":40}},"9":{"start":{"line":23,"column":12},"end":{"line":23,"column":37}},"10":{"start":{"line":27,"column":17},"end":{"line":40,"column":1}},"11":{"start":{"line":28,"column":4},"end":{"line":34,"column":5}},"12":{"start":{"line":35,"column":4},"end":{"line":39,"column":11}},"13":{"start":{"line":37,"column":12},"end":{"line":37,"column":31}},"14":{"start":{"line":38,"column":12},"end":{"line":38,"column":44}},"15":{"start":{"line":42,"column":15},"end":{"line":63,"column":1}},"16":{"start":{"line":43,"column":4},"end":{"line":49,"column":5}},"17":{"start":{"line":50,"column":4},"end":{"line":62,"column":10}},"18":{"start":{"line":54,"column":20},"end":{"line":54,"column":53}},"19":{"start":{"line":57,"column":20},"end":{"line":57,"column":46}},"20":{"start":{"line":61,"column":12},"end":{"line":61,"column":38}},"21":{"start":{"line":65,"column":20},"end":{"line":82,"column":1}},"22":{"start":{"line":67,"column":4},"end":{"line":81,"column":10}},"23":{"start":{"line":70,"column":16},"end":{"line":75,"column":17}},"24":{"start":{"line":71,"column":20},"end":{"line":71,"column":48}},"25":{"start":{"line":74,"column":20},"end":{"line":74,"column":48}},"26":{"start":{"line":80,"column":12},"end":{"line":80,"column":37}},"27":{"start":{"line":84,"column":21},"end":{"line":95,"column":1}},"28":{"start":{"line":85,"column":4},"end":{"line":94,"column":10}},"29":{"start":{"line":88,"column":16},"end":{"line":88,"column":35}},"30":{"start":{"line":89,"column":16},"end":{"line":89,"column":44}},"31":{"start":{"line":93,"column":12},"end":{"line":93,"column":37}},"32":{"start":{"line":97,"column":0},"end":{"line":104,"column":1}}},"fnMap":{"0":{"name":"(anonymous_0)","decl":{"start":{"line":4,"column":24},"end":{"line":4,"column":25}},"loc":{"start":{"line":4,"column":44},"end":{"line":15,"column":1}},"line":4},"1":{"name":"(anonymous_1)","decl":{"start":{"line":8,"column":12},"end":{"line":8,"column":13}},"loc":{"start":{"line":8,"column":22},"end":{"line":10,"column":13}},"line":8},"2":{"name":"(anonymous_2)","decl":{"start":{"line":12,"column":15},"end":{"line":12,"column":16}},"loc":{"start":{"line":12,"column":22},"end":{"line":14,"column":9}},"line":12},"3":{"name":"getAll","decl":{"start":{"line":17,"column":22},"end":{"line":17,"column":28}},"loc":{"start":{"line":17,"column":39},"end":{"line":25,"column":1}},"line":17},"4":{"name":"(anonymous_4)","decl":{"start":{"line":19,"column":14},"end":{"line":19,"column":15}},"loc":{"start":{"line":19,"column":24},"end":{"line":22,"column":9}},"line":19},"5":{"name":"(anonymous_5)","decl":{"start":{"line":22,"column":17},"end":{"line":22,"column":18}},"loc":{"start":{"line":22,"column":24},"end":{"line":24,"column":9}},"line":22},"6":{"name":"createData","decl":{"start":{"line":27,"column":26},"end":{"line":27,"column":36}},"loc":{"start":{"line":27,"column":53},"end":{"line":40,"column":1}},"line":27},"7":{"name":"(anonymous_7)","decl":{"start":{"line":36,"column":14},"end":{"line":36,"column":15}},"loc":{"start":{"line":36,"column":24},"end":{"line":39,"column":9}},"line":36},"8":{"name":"updateData","decl":{"start":{"line":42,"column":24},"end":{"line":42,"column":34}},"loc":{"start":{"line":42,"column":45},"end":{"line":63,"column":1}},"line":42},"9":{"name":"(anonymous_9)","decl":{"start":{"line":53,"column":22},"end":{"line":53,"column":23}},"loc":{"start":{"line":53,"column":32},"end":{"line":55,"column":17}},"line":53},"10":{"name":"(anonymous_10)","decl":{"start":{"line":56,"column":23},"end":{"line":56,"column":24}},"loc":{"start":{"line":56,"column":30},"end":{"line":58,"column":17}},"line":56},"11":{"name":"(anonymous_11)","decl":{"start":{"line":60,"column":15},"end":{"line":60,"column":16}},"loc":{"start":{"line":60,"column":22},"end":{"line":62,"column":9}},"line":60},"12":{"name":"getDetailById","decl":{"start":{"line":65,"column":29},"end":{"line":65,"column":42}},"loc":{"start":{"line":65,"column":53},"end":{"line":82,"column":1}},"line":65},"13":{"name":"(anonymous_13)","decl":{"start":{"line":69,"column":12},"end":{"line":69,"column":13}},"loc":{"start":{"line":69,"column":22},"end":{"line":77,"column":13}},"line":69},"14":{"name":"(anonymous_14)","decl":{"start":{"line":79,"column":15},"end":{"line":79,"column":16}},"loc":{"start":{"line":79,"column":22},"end":{"line":81,"column":9}},"line":79},"15":{"name":"(anonymous_15)","decl":{"start":{"line":84,"column":21},"end":{"line":84,"column":22}},"loc":{"start":{"line":84,"column":41},"end":{"line":95,"column":1}},"line":84},"16":{"name":"(anonymous_16)","decl":{"start":{"line":87,"column":12},"end":{"line":87,"column":13}},"loc":{"start":{"line":87,"column":22},"end":{"line":90,"column":13}},"line":87},"17":{"name":"(anonymous_17)","decl":{"start":{"line":92,"column":15},"end":{"line":92,"column":16}},"loc":{"start":{"line":92,"column":22},"end":{"line":94,"column":9}},"line":92}},"branchMap":{"0":{"loc":{"start":{"line":70,"column":16},"end":{"line":75,"column":17}},"type":"if","locations":[{"start":{"line":70,"column":16},"end":{"line":75,"column":17}},{"start":{"line":70,"column":16},"end":{"line":75,"column":17}}],"line":70}},"s":{"0":2,"1":2,"2":1,"3":1,"4":1,"5":0,"6":2,"7":3,"8":3,"9":0,"10":2,"11":1,"12":1,"13":1,"14":1,"15":2,"16":1,"17":1,"18":1,"19":0,"20":0,"21":2,"22":2,"23":2,"24":0,"25":2,"26":0,"27":2,"28":3,"29":3,"30":3,"31":0,"32":2},"f":{"0":1,"1":1,"2":0,"3":3,"4":3,"5":0,"6":1,"7":1,"8":1,"9":1,"10":0,"11":0,"12":2,"13":2,"14":0,"15":3,"16":3,"17":0},"b":{"0":[0,2]},"_coverageSchema":"1a1c01bbd47fc00a2c39e90264f33305004495a9","hash":"b3acf15c38b40fd02efb29d6a7199df117328e85"}
,"/home/siraf/mitrais/assignment/test_using_jest/routers.js": {"path":"/home/siraf/mitrais/assignment/test_using_jest/routers.js","statementMap":{"0":{"start":{"line":1,"column":16},"end":{"line":1,"column":34}},"1":{"start":{"line":2,"column":21},"end":{"line":2,"column":37}},"2":{"start":{"line":6,"column":14},"end":{"line":6,"column":34}},"3":{"start":{"line":8,"column":0},"end":{"line":15,"column":2}},"4":{"start":{"line":9,"column":4},"end":{"line":9,"column":54}},"5":{"start":{"line":10,"column":4},"end":{"line":10,"column":38}},"6":{"start":{"line":11,"column":4},"end":{"line":11,"column":47}},"7":{"start":{"line":12,"column":4},"end":{"line":12,"column":48}},"8":{"start":{"line":13,"column":4},"end":{"line":13,"column":54}},"9":{"start":{"line":14,"column":4},"end":{"line":14,"column":10}},"10":{"start":{"line":17,"column":0},"end":{"line":17,"column":54}},"11":{"start":{"line":18,"column":0},"end":{"line":18,"column":37}},"12":{"start":{"line":19,"column":0},"end":{"line":19,"column":42}},"13":{"start":{"line":20,"column":0},"end":{"line":20,"column":47}},"14":{"start":{"line":21,"column":0},"end":{"line":21,"column":51}},"15":{"start":{"line":24,"column":0},"end":{"line":24,"column":29}}},"fnMap":{"0":{"name":"logging","decl":{"start":{"line":8,"column":26},"end":{"line":8,"column":33}},"loc":{"start":{"line":8,"column":49},"end":{"line":15,"column":1}},"line":8}},"branchMap":{},"s":{"0":1,"1":1,"2":1,"3":1,"4":4,"5":4,"6":4,"7":4,"8":4,"9":4,"10":1,"11":1,"12":1,"13":1,"14":1,"15":1},"f":{"0":4},"b":{},"_coverageSchema":"1a1c01bbd47fc00a2c39e90264f33305004495a9","hash":"0a2ea8a5ecd7bff26944a549f1c01102897c1be2"}
}
