TN:
SF:dataHandler.js
FN:4,(anonymous_0)
FN:6,(anonymous_1)
FN:11,(anonymous_2)
FN:16,getDetailById
FN:19,(anonymous_4)
FN:25,(anonymous_5)
FN:47,createData
FN:49,(anonymous_7)
FN:56,(anonymous_8)
FN:62,(anonymous_9)
FN:66,(anonymous_10)
FN:71,getDetailByQuery
FN:74,(anonymous_12)
FN:80,(anonymous_13)
FN:84,(anonymous_14)
FN:93,(anonymous_15)
FN:98,deleteById
FN:100,(anonymous_17)
FN:102,(anonymous_18)
FN:104,(anonymous_19)
FN:109,(anonymous_20)
FN:114,(anonymous_21)
FNF:22
FNH:18
FNDA:5,(anonymous_0)
FNDA:4,(anonymous_1)
FNDA:1,(anonymous_2)
FNDA:4,getDetailById
FNDA:4,(anonymous_4)
FNDA:116,(anonymous_5)
FNDA:4,createData
FNDA:0,(anonymous_7)
FNDA:0,(anonymous_8)
FNDA:0,(anonymous_9)
FNDA:4,(anonymous_10)
FNDA:3,getDetailByQuery
FNDA:15,(anonymous_12)
FNDA:2,(anonymous_13)
FNDA:58,(anonymous_14)
FNDA:1,(anonymous_15)
FNDA:7,deleteById
FNDA:6,(anonymous_17)
FNDA:174,(anonymous_18)
FNDA:6,(anonymous_19)
FNDA:0,(anonymous_20)
FNDA:1,(anonymous_21)
DA:1,3
DA:2,3
DA:4,3
DA:5,5
DA:7,4
DA:9,4
DA:12,1
DA:16,3
DA:18,4
DA:20,4
DA:23,4
DA:24,4
DA:25,4
DA:26,116
DA:28,3
DA:30,116
DA:33,4
DA:34,1
DA:39,1
DA:42,3
DA:47,3
DA:48,4
DA:50,0
DA:51,0
DA:52,0
DA:55,0
DA:57,0
DA:60,0
DA:63,0
DA:67,4
DA:72,3
DA:73,3
DA:75,15
DA:79,3
DA:82,2
DA:83,2
DA:84,2
DA:85,58
DA:91,2
DA:94,1
DA:98,3
DA:99,7
DA:101,6
DA:102,174
DA:103,6
DA:105,6
DA:110,0
DA:111,0
DA:115,1
DA:116,1
DA:120,3
LF:51
LH:42
BRDA:4,0,0,4
BRDA:26,1,0,3
BRDA:26,1,1,113
BRDA:33,2,0,1
BRDA:33,2,1,3
BRDA:33,3,0,4
BRDA:33,3,1,1
BRDA:47,4,0,0
BRDA:71,5,0,2
BRDA:85,6,0,58
BRDA:85,6,1,56
BRDA:85,6,2,56
BRDA:85,6,3,56
BRDA:98,7,0,6
BRF:14
BRH:13
end_of_record
TN:
SF:handler.js
FN:4,(anonymous_0)
FN:8,(anonymous_1)
FN:12,(anonymous_2)
FN:17,getAll
FN:19,(anonymous_4)
FN:22,(anonymous_5)
FN:27,createData
FN:36,(anonymous_7)
FN:42,updateData
FN:53,(anonymous_9)
FN:56,(anonymous_10)
FN:60,(anonymous_11)
FN:65,getDetailById
FN:69,(anonymous_13)
FN:79,(anonymous_14)
FN:84,(anonymous_15)
FN:87,(anonymous_16)
FN:92,(anonymous_17)
FNF:18
FNH:12
FNDA:1,(anonymous_0)
FNDA:1,(anonymous_1)
FNDA:0,(anonymous_2)
FNDA:3,getAll
FNDA:3,(anonymous_4)
FNDA:0,(anonymous_5)
FNDA:1,createData
FNDA:1,(anonymous_7)
FNDA:1,updateData
FNDA:1,(anonymous_9)
FNDA:0,(anonymous_10)
FNDA:0,(anonymous_11)
FNDA:2,getDetailById
FNDA:2,(anonymous_13)
FNDA:0,(anonymous_14)
FNDA:3,(anonymous_15)
FNDA:3,(anonymous_16)
FNDA:0,(anonymous_17)
DA:1,2
DA:4,2
DA:5,1
DA:6,1
DA:9,1
DA:13,0
DA:17,2
DA:18,3
DA:21,3
DA:23,0
DA:27,2
DA:28,1
DA:35,1
DA:37,1
DA:38,1
DA:42,2
DA:43,1
DA:50,1
DA:54,1
DA:57,0
DA:61,0
DA:65,2
DA:67,2
DA:70,2
DA:71,0
DA:74,2
DA:80,0
DA:84,2
DA:85,3
DA:88,3
DA:89,3
DA:93,0
DA:97,2
LF:33
LH:26
BRDA:70,0,0,0
BRDA:70,0,1,2
BRF:2
BRH:1
end_of_record
TN:
SF:routers.js
FN:8,logging
FNF:1
FNH:1
FNDA:4,logging
DA:1,1
DA:2,1
DA:6,1
DA:8,1
DA:9,4
DA:10,4
DA:11,4
DA:12,4
DA:13,4
DA:14,4
DA:17,1
DA:18,1
DA:19,1
DA:20,1
DA:21,1
DA:24,1
LF:16
LH:16
BRF:0
BRH:0
end_of_record
